        -:    0:Source:dominion.c
        -:    0:Graph:dominion.gcno
        -:    0:Data:dominion.gcda
        -:    0:Runs:4
        -:    0:Programs:4
        -:    1:#include "dominion.h"
        -:    2:#include "dominion_helpers.h"
        -:    3:#include "rngs.h"
        -:    4:#include <stdio.h>
        -:    5:#include <math.h>
        -:    6:#include <stdlib.h>
        -:    7:
function compare called 3563 returned 100% blocks executed 100%
     3563:    8:int compare(const void* a, const void* b) {
     3563:    9:  if (*(int*)a > *(int*)b)
branch  0 taken 38% (fallthrough)
branch  1 taken 62%
     1349:   10:    return 1;
     2214:   11:  if (*(int*)a < *(int*)b)
branch  0 taken 50% (fallthrough)
branch  1 taken 50%
     1099:   12:    return -1;
     1115:   13:  return 0;
        -:   14:}
        -:   15:
function newGame called 4 returned 100% blocks executed 100%
        4:   16:struct gameState* newGame() {
        4:   17:  struct gameState* g = malloc(sizeof(struct gameState));
        4:   18:  return g;
        -:   19:}
        -:   20:
function kingdomCards called 0 returned 0% blocks executed 0%
    #####:   21:int* kingdomCards(int k1, int k2, int k3, int k4, int k5, int k6, int k7,
        -:   22:		  int k8, int k9, int k10) {
    #####:   23:  int* k = malloc(10 * sizeof(int));
    #####:   24:  k[0] = k1;
    #####:   25:  k[1] = k2;
    #####:   26:  k[2] = k3;
    #####:   27:  k[3] = k4;
    #####:   28:  k[4] = k5;
    #####:   29:  k[5] = k6;
    #####:   30:  k[6] = k7;
    #####:   31:  k[7] = k8;
    #####:   32:  k[8] = k9;
    #####:   33:  k[9] = k10;
    #####:   34:  return k;
        -:   35:}
        -:   36:
function initializeGame called 0 returned 0% blocks executed 0%
    #####:   37:int initializeGame(int numPlayers, int kingdomCards[10], int randomSeed,
        -:   38:		   struct gameState *state) {
        -:   39:
        -:   40:  int i;
        -:   41:  int j;
        -:   42:  int it;			
        -:   43:  //set up random number generator
    #####:   44:  SelectStream(1);
call    0 never executed
    #####:   45:  PutSeed((long)randomSeed);
call    0 never executed
        -:   46:  
        -:   47:  //check number of players
    #####:   48:  if (numPlayers > MAX_PLAYERS || numPlayers < 2)
branch  0 never executed
branch  1 never executed
branch  2 never executed
branch  3 never executed
        -:   49:    {
    #####:   50:      return -1;
        -:   51:    }
        -:   52:
        -:   53:  //set number of players
    #####:   54:  state->numPlayers = numPlayers;
        -:   55:
        -:   56:  //check selected kingdom cards are different
    #####:   57:  for (i = 0; i < 10; i++)
branch  0 never executed
branch  1 never executed
        -:   58:    {
    #####:   59:      for (j = 0; j < 10; j++)
branch  0 never executed
branch  1 never executed
        -:   60:        {
    #####:   61:	  if (j != i && kingdomCards[j] == kingdomCards[i])
branch  0 never executed
branch  1 never executed
branch  2 never executed
branch  3 never executed
        -:   62:	    {
    #####:   63:	      return -1;
        -:   64:	    }
        -:   65:        }
        -:   66:    }
        -:   67:
        -:   68:
        -:   69:  //initialize supply
        -:   70:  ///////////////////////////////
        -:   71:
        -:   72:  //set number of Curse cards
    #####:   73:  if (numPlayers == 2)
branch  0 never executed
branch  1 never executed
        -:   74:    {
    #####:   75:      state->supplyCount[curse] = 10;
        -:   76:    }
    #####:   77:  else if (numPlayers == 3)
branch  0 never executed
branch  1 never executed
        -:   78:    {
    #####:   79:      state->supplyCount[curse] = 20;
        -:   80:    }
        -:   81:  else
        -:   82:    {
    #####:   83:      state->supplyCount[curse] = 30;
        -:   84:    }
        -:   85:
        -:   86:  //set number of Victory cards
    #####:   87:  if (numPlayers == 2)
branch  0 never executed
branch  1 never executed
        -:   88:    {
    #####:   89:      state->supplyCount[estate] = 8;
    #####:   90:      state->supplyCount[duchy] = 8;
    #####:   91:      state->supplyCount[province] = 8;
        -:   92:    }
        -:   93:  else
        -:   94:    {
    #####:   95:      state->supplyCount[estate] = 12;
    #####:   96:      state->supplyCount[duchy] = 12;
    #####:   97:      state->supplyCount[province] = 12;
        -:   98:    }
        -:   99:
        -:  100:  //set number of Treasure cards
    #####:  101:  state->supplyCount[copper] = 60 - (7 * numPlayers);
    #####:  102:  state->supplyCount[silver] = 40;
    #####:  103:  state->supplyCount[gold] = 30;
        -:  104:
        -:  105:  //set number of Kingdom cards
    #####:  106:  for (i = adventurer; i <= treasure_map; i++)       	//loop all cards
branch  0 never executed
branch  1 never executed
        -:  107:    {
    #####:  108:      for (j = 0; j < 10; j++)           		//loop chosen cards
branch  0 never executed
branch  1 never executed
        -:  109:	{
    #####:  110:	  if (kingdomCards[j] == i)
branch  0 never executed
branch  1 never executed
        -:  111:	    {
        -:  112:	      //check if card is a 'Victory' Kingdom card
    #####:  113:	      if (kingdomCards[j] == great_hall || kingdomCards[j] == gardens)
branch  0 never executed
branch  1 never executed
branch  2 never executed
branch  3 never executed
        -:  114:		{
    #####:  115:		  if (numPlayers == 2){ 
branch  0 never executed
branch  1 never executed
    #####:  116:		    state->supplyCount[i] = 8; 
        -:  117:		  }
    #####:  118:		  else{ state->supplyCount[i] = 12; }
        -:  119:		}
        -:  120:	      else
        -:  121:		{
    #####:  122:		  state->supplyCount[i] = 10;
        -:  123:		}
    #####:  124:	      break;
        -:  125:	    }
        -:  126:	  else    //card is not in the set choosen for the game
        -:  127:	    {
    #####:  128:	      state->supplyCount[i] = -1;
        -:  129:	    }
        -:  130:	}
        -:  131:
        -:  132:    }
        -:  133:
        -:  134:  ////////////////////////
        -:  135:  //supply intilization complete
        -:  136:
        -:  137:  //set player decks
    #####:  138:  for (i = 0; i < numPlayers; i++)
branch  0 never executed
branch  1 never executed
        -:  139:    {
    #####:  140:      state->deckCount[i] = 0;
    #####:  141:      for (j = 0; j < 3; j++)
branch  0 never executed
branch  1 never executed
        -:  142:	{
    #####:  143:	  state->deck[i][j] = estate;
    #####:  144:	  state->deckCount[i]++;
        -:  145:	}
    #####:  146:      for (j = 3; j < 10; j++)
branch  0 never executed
branch  1 never executed
        -:  147:	{
    #####:  148:	  state->deck[i][j] = copper;
    #####:  149:	  state->deckCount[i]++;		
        -:  150:	}
        -:  151:    }
        -:  152:
        -:  153:  //shuffle player decks
    #####:  154:  for (i = 0; i < numPlayers; i++)
branch  0 never executed
branch  1 never executed
        -:  155:    {
    #####:  156:      if ( shuffle(i, state) < 0 )
call    0 never executed
branch  1 never executed
branch  2 never executed
        -:  157:	{
    #####:  158:	  return -1;
        -:  159:	}
        -:  160:    }
        -:  161:
        -:  162:  //draw player hands
    #####:  163:  for (i = 0; i < numPlayers; i++)
branch  0 never executed
branch  1 never executed
        -:  164:    {  
        -:  165:      //initialize hand size to zero
    #####:  166:      state->handCount[i] = 0;
    #####:  167:      state->discardCount[i] = 0;
        -:  168:      //draw 5 cards
        -:  169:      // for (j = 0; j < 5; j++)
        -:  170:      //	{
        -:  171:      //	  drawCard(i, state);
        -:  172:      //	}
        -:  173:    }
        -:  174:  
        -:  175:  //set embargo tokens to 0 for all supply piles
    #####:  176:  for (i = 0; i <= treasure_map; i++)
branch  0 never executed
branch  1 never executed
        -:  177:    {
    #####:  178:      state->embargoTokens[i] = 0;
        -:  179:    }
        -:  180:
        -:  181:  //initialize first player's turn
    #####:  182:  state->outpostPlayed = 0;
    #####:  183:  state->phase = 0;
    #####:  184:  state->numActions = 1;
    #####:  185:  state->numBuys = 1;
    #####:  186:  state->playedCardCount = 0;
    #####:  187:  state->whoseTurn = 0;
    #####:  188:  state->handCount[state->whoseTurn] = 0;
        -:  189:  //int it; move to top
        -:  190:
        -:  191:  //Moved draw cards to here, only drawing at the start of a turn
    #####:  192:  for (it = 0; it < 5; it++){
branch  0 never executed
branch  1 never executed
    #####:  193:    drawCard(state->whoseTurn, state);
call    0 never executed
        -:  194:  }
        -:  195:
    #####:  196:  updateCoins(state->whoseTurn, state, 0);
call    0 never executed
        -:  197:
    #####:  198:  return 0;
        -:  199:}
        -:  200:
function shuffle called 6 returned 100% blocks executed 100%
        6:  201:int shuffle(int player, struct gameState *state) {
        -:  202: 
        -:  203:
        -:  204:  int newDeck[MAX_DECK];
        6:  205:  int newDeckPos = 0;
        -:  206:  int card;
        -:  207:  int i;
        -:  208:
        6:  209:  if (state->deckCount[player] < 1)
branch  0 taken 17% (fallthrough)
branch  1 taken 83%
        1:  210:    return -1;
        5:  211:  qsort ((void*)(state->deck[player]), state->deckCount[player], sizeof(int), compare); 
call    0 returned 100%
        -:  212:  /* SORT CARDS IN DECK TO ENSURE DETERMINISM! */
        -:  213:
      568:  214:  while (state->deckCount[player] > 0) {
branch  0 taken 99%
branch  1 taken 1% (fallthrough)
      558:  215:    card = floor(Random() * state->deckCount[player]);
call    0 returned 100%
      558:  216:    newDeck[newDeckPos] = state->deck[player][card];
      558:  217:    newDeckPos++;
    60978:  218:    for (i = card; i < state->deckCount[player]-1; i++) {
branch  0 taken 99%
branch  1 taken 1% (fallthrough)
    60420:  219:      state->deck[player][i] = state->deck[player][i+1];
        -:  220:    }
      558:  221:    state->deckCount[player]--;
        -:  222:  }
      563:  223:  for (i = 0; i < newDeckPos; i++) {
branch  0 taken 99%
branch  1 taken 1% (fallthrough)
      558:  224:    state->deck[player][i] = newDeck[i];
      558:  225:    state->deckCount[player]++;
        -:  226:  }
        -:  227:
        5:  228:  return 0;
        -:  229:}
        -:  230:
function playCard called 0 returned 0% blocks executed 0%
    #####:  231:int playCard(int handPos, int choice1, int choice2, int choice3, struct gameState *state) 
        -:  232:{	
        -:  233:  int card;
    #####:  234:  int coin_bonus = 0; 		//tracks coins gain from actions
        -:  235:
        -:  236:  //check if it is the right phase
    #####:  237:  if (state->phase != 0)
branch  0 never executed
branch  1 never executed
        -:  238:    {
    #####:  239:      return -1;
        -:  240:    }
        -:  241:	
        -:  242:  //check if player has enough actions
    #####:  243:  if ( state->numActions < 1 )
branch  0 never executed
branch  1 never executed
        -:  244:    {
    #####:  245:      return -1;
        -:  246:    }
        -:  247:	
        -:  248:  //get card played
    #####:  249:  card = handCard(handPos, state);
call    0 never executed
        -:  250:	
        -:  251:  //check if selected card is an action
    #####:  252:  if ( card < adventurer || card > treasure_map )
branch  0 never executed
branch  1 never executed
branch  2 never executed
branch  3 never executed
        -:  253:    {
    #####:  254:      return -1;
        -:  255:    }
        -:  256:	
        -:  257:  //play card
    #####:  258:  if ( cardEffect(card, choice1, choice2, choice3, state, handPos, &coin_bonus) < 0 )
call    0 never executed
branch  1 never executed
branch  2 never executed
        -:  259:    {
    #####:  260:      return -1;
        -:  261:    }
        -:  262:	
        -:  263:  //reduce number of actions
    #####:  264:  state->numActions--;
        -:  265:
        -:  266:  //update coins (Treasure cards may be added with card draws)
    #####:  267:  updateCoins(state->whoseTurn, state, coin_bonus);
call    0 never executed
        -:  268:	
    #####:  269:  return 0;
        -:  270:}
        -:  271:
function buyCard called 0 returned 0% blocks executed 0%
    #####:  272:int buyCard(int supplyPos, struct gameState *state) {
        -:  273:  int who;
        -:  274:  if (DEBUG){
        -:  275:    printf("Entering buyCard...\n");
        -:  276:  }
        -:  277:
        -:  278:  // I don't know what to do about the phase thing.
        -:  279:
    #####:  280:  who = state->whoseTurn;
        -:  281:
    #####:  282:  if (state->numBuys < 1){
branch  0 never executed
branch  1 never executed
        -:  283:    if (DEBUG)
        -:  284:      printf("You do not have any buys left\n");
    #####:  285:    return -1;
    #####:  286:  } else if (supplyCount(supplyPos, state) <1){
call    0 never executed
branch  1 never executed
branch  2 never executed
        -:  287:    if (DEBUG)
        -:  288:      printf("There are not any of that type of card left\n");
    #####:  289:    return -1;
    #####:  290:  } else if (state->coins < getCost(supplyPos)){
call    0 never executed
branch  1 never executed
branch  2 never executed
        -:  291:    if (DEBUG) 
        -:  292:      printf("You do not have enough money to buy that. You have %d coins.\n", state->coins);
    #####:  293:    return -1;
        -:  294:  } else {
    #####:  295:    state->phase=1;
        -:  296:    //state->supplyCount[supplyPos]--;
    #####:  297:    gainCard(supplyPos, state, 0, who); //card goes in discard, this might be wrong.. (2 means goes into hand, 0 goes into discard)
call    0 never executed
        -:  298:  
    #####:  299:    state->coins = (state->coins) - (getCost(supplyPos));
call    0 never executed
    #####:  300:    state->numBuys--;
        -:  301:    if (DEBUG)
        -:  302:      printf("You bought card number %d for %d coins. You now have %d buys and %d coins.\n", supplyPos, getCost(supplyPos), state->numBuys, state->coins);
        -:  303:  }
        -:  304:
        -:  305:  //state->discard[who][state->discardCount[who]] = supplyPos;
        -:  306:  //state->discardCount[who]++;
        -:  307:    
    #####:  308:  return 0;
        -:  309:}
        -:  310:
function numHandCards called 0 returned 0% blocks executed 0%
    #####:  311:int numHandCards(struct gameState *state) {
    #####:  312:  return state->handCount[ whoseTurn(state) ];
call    0 never executed
        -:  313:}
        -:  314:
function handCard called 0 returned 0% blocks executed 0%
    #####:  315:int handCard(int handPos, struct gameState *state) {
    #####:  316:  int currentPlayer = whoseTurn(state);
call    0 never executed
    #####:  317:  return state->hand[currentPlayer][handPos];
        -:  318:}
        -:  319:
function supplyCount called 0 returned 0% blocks executed 0%
    #####:  320:int supplyCount(int card, struct gameState *state) {
    #####:  321:  return state->supplyCount[card];
        -:  322:}
        -:  323:
function fullDeckCount called 0 returned 0% blocks executed 0%
    #####:  324:int fullDeckCount(int player, int card, struct gameState *state) {
        -:  325:  int i;
    #####:  326:  int count = 0;
        -:  327:
    #####:  328:  for (i = 0; i < state->deckCount[player]; i++)
branch  0 never executed
branch  1 never executed
        -:  329:    {
    #####:  330:      if (state->deck[player][i] == card) count++;
branch  0 never executed
branch  1 never executed
        -:  331:    }
        -:  332:
    #####:  333:  for (i = 0; i < state->handCount[player]; i++)
branch  0 never executed
branch  1 never executed
        -:  334:    {
    #####:  335:      if (state->hand[player][i] == card) count++;
branch  0 never executed
branch  1 never executed
        -:  336:    }
        -:  337:
    #####:  338:  for (i = 0; i < state->discardCount[player]; i++)
branch  0 never executed
branch  1 never executed
        -:  339:    {
    #####:  340:      if (state->discard[player][i] == card) count++;
branch  0 never executed
branch  1 never executed
        -:  341:    }
        -:  342:
    #####:  343:  return count;
        -:  344:}
        -:  345:
function whoseTurn called 6 returned 100% blocks executed 100%
        6:  346:int whoseTurn(struct gameState *state) {
        6:  347:  return state->whoseTurn;
        -:  348:}
        -:  349:
function endTurn called 0 returned 0% blocks executed 0%
    #####:  350:int endTurn(struct gameState *state) {
        -:  351:  int k;
        -:  352:  int i;
    #####:  353:  int currentPlayer = whoseTurn(state);
call    0 never executed
        -:  354:  
        -:  355:  //Discard hand
    #####:  356:  for (i = 0; i < state->handCount[currentPlayer]; i++){
branch  0 never executed
branch  1 never executed
    #####:  357:    state->discard[currentPlayer][state->discardCount[currentPlayer]++] = state->hand[currentPlayer][i];//Discard
    #####:  358:    state->hand[currentPlayer][i] = -1;//Set card to -1
        -:  359:  }
    #####:  360:  state->handCount[currentPlayer] = 0;//Reset hand count
        -:  361:    
        -:  362:  //Code for determining the player
    #####:  363:  if (currentPlayer < (state->numPlayers - 1)){ 
branch  0 never executed
branch  1 never executed
    #####:  364:    state->whoseTurn = currentPlayer + 1;//Still safe to increment
        -:  365:  }
        -:  366:  else{
    #####:  367:    state->whoseTurn = 0;//Max player has been reached, loop back around to player 1
        -:  368:  }
        -:  369:
    #####:  370:  state->outpostPlayed = 0;
    #####:  371:  state->phase = 0;
    #####:  372:  state->numActions = 1;
    #####:  373:  state->coins = 0;
    #####:  374:  state->numBuys = 1;
    #####:  375:  state->playedCardCount = 0;
    #####:  376:  state->handCount[state->whoseTurn] = 0;
        -:  377:
        -:  378:  //int k; move to top
        -:  379:  //Next player draws hand
    #####:  380:  for (k = 0; k < 5; k++){
branch  0 never executed
branch  1 never executed
    #####:  381:    drawCard(state->whoseTurn, state);//Draw a card
call    0 never executed
        -:  382:  }
        -:  383:
        -:  384:  //Update money
    #####:  385:  updateCoins(state->whoseTurn, state , 0);
call    0 never executed
        -:  386:
    #####:  387:  return 0;
        -:  388:}
        -:  389:
function isGameOver called 9 returned 100% blocks executed 100%
        9:  390:int isGameOver(struct gameState *state) {
        -:  391:  int i;
        -:  392:  int j;
        -:  393:	
        -:  394:  //if stack of Province cards is empty, the game ends
        9:  395:  if (state->supplyCount[province] == 0)
branch  0 taken 33% (fallthrough)
branch  1 taken 67%
        -:  396:    {
        3:  397:      return 1;
        -:  398:    }
        -:  399:
        -:  400:  //if three supply pile are at 0, the game ends
        6:  401:  j = 0;
      156:  402:  for (i = 0; i < 25; i++)
branch  0 taken 96%
branch  1 taken 4% (fallthrough)
        -:  403:    {
      150:  404:      if (state->supplyCount[i] == 0)
branch  0 taken 3% (fallthrough)
branch  1 taken 97%
        -:  405:	{
        4:  406:	  j++;
        -:  407:	}
        -:  408:    }
        6:  409:  if ( j >= 3)
branch  0 taken 17% (fallthrough)
branch  1 taken 83%
        -:  410:    {
        1:  411:      return 1;
        -:  412:    }
        -:  413:
        5:  414:  return 0;
        -:  415:}
        -:  416:
function scoreFor called 0 returned 0% blocks executed 0%
    #####:  417:int scoreFor (int player, struct gameState *state) {
        -:  418:
        -:  419:  int i;
    #####:  420:  int score = 0;
        -:  421:  //score from hand
    #####:  422:  for (i = 0; i < state->handCount[player]; i++)
branch  0 never executed
branch  1 never executed
        -:  423:    {
    #####:  424:      if (state->hand[player][i] == curse) { score = score - 1; };
branch  0 never executed
branch  1 never executed
    #####:  425:      if (state->hand[player][i] == estate) { score = score + 1; };
branch  0 never executed
branch  1 never executed
    #####:  426:      if (state->hand[player][i] == duchy) { score = score + 3; };
branch  0 never executed
branch  1 never executed
    #####:  427:      if (state->hand[player][i] == province) { score = score + 6; };
branch  0 never executed
branch  1 never executed
    #####:  428:      if (state->hand[player][i] == great_hall) { score = score + 1; };
branch  0 never executed
branch  1 never executed
    #####:  429:      if (state->hand[player][i] == gardens) { score = score + ( fullDeckCount(player, 0, state) / 10 ); };
branch  0 never executed
branch  1 never executed
call    2 never executed
        -:  430:    }
        -:  431:
        -:  432:  //score from discard
    #####:  433:  for (i = 0; i < state->discardCount[player]; i++)
branch  0 never executed
branch  1 never executed
        -:  434:    {
    #####:  435:      if (state->discard[player][i] == curse) { score = score - 1; };
branch  0 never executed
branch  1 never executed
    #####:  436:      if (state->discard[player][i] == estate) { score = score + 1; };
branch  0 never executed
branch  1 never executed
    #####:  437:      if (state->discard[player][i] == duchy) { score = score + 3; };
branch  0 never executed
branch  1 never executed
    #####:  438:      if (state->discard[player][i] == province) { score = score + 6; };
branch  0 never executed
branch  1 never executed
    #####:  439:      if (state->discard[player][i] == great_hall) { score = score + 1; };
branch  0 never executed
branch  1 never executed
    #####:  440:      if (state->discard[player][i] == gardens) { score = score + ( fullDeckCount(player, 0, state) / 10 ); };
branch  0 never executed
branch  1 never executed
call    2 never executed
        -:  441:    }
        -:  442:
        -:  443:  //score from deck
    #####:  444:  for (i = 0; i < state->discardCount[player]; i++)
branch  0 never executed
branch  1 never executed
        -:  445:    {
    #####:  446:      if (state->deck[player][i] == curse) { score = score - 1; };
branch  0 never executed
branch  1 never executed
    #####:  447:      if (state->deck[player][i] == estate) { score = score + 1; };
branch  0 never executed
branch  1 never executed
    #####:  448:      if (state->deck[player][i] == duchy) { score = score + 3; };
branch  0 never executed
branch  1 never executed
    #####:  449:      if (state->deck[player][i] == province) { score = score + 6; };
branch  0 never executed
branch  1 never executed
    #####:  450:      if (state->deck[player][i] == great_hall) { score = score + 1; };
branch  0 never executed
branch  1 never executed
    #####:  451:      if (state->deck[player][i] == gardens) { score = score + ( fullDeckCount(player, 0, state) / 10 ); };
branch  0 never executed
branch  1 never executed
call    2 never executed
        -:  452:    }
        -:  453:
    #####:  454:  return score;
        -:  455:}
        -:  456:
function getWinners called 0 returned 0% blocks executed 0%
    #####:  457:int getWinners(int players[MAX_PLAYERS], struct gameState *state) {
        -:  458:  int i;	
        -:  459:  int j;
        -:  460:  int highScore;
        -:  461:  int currentPlayer;
        -:  462:
        -:  463:  //get score for each player
    #####:  464:  for (i = 0; i < MAX_PLAYERS; i++)
branch  0 never executed
branch  1 never executed
        -:  465:    {
        -:  466:      //set unused player scores to -9999
    #####:  467:      if (i >= state->numPlayers)
branch  0 never executed
branch  1 never executed
        -:  468:	{
    #####:  469:	  players[i] = -9999;
        -:  470:	}
        -:  471:      else
        -:  472:	{
    #####:  473:	  players[i] = scoreFor (i, state);
call    0 never executed
        -:  474:	}
        -:  475:    }
        -:  476:
        -:  477:  //find highest score
    #####:  478:  j = 0;
    #####:  479:  for (i = 0; i < MAX_PLAYERS; i++)
branch  0 never executed
branch  1 never executed
        -:  480:    {
    #####:  481:      if (players[i] > players[j])
branch  0 never executed
branch  1 never executed
        -:  482:	{
    #####:  483:	  j = i;
        -:  484:	}
        -:  485:    }
    #####:  486:  highScore = players[j];
        -:  487:
        -:  488:  //add 1 to players who had less turns
    #####:  489:  currentPlayer = whoseTurn(state);
call    0 never executed
    #####:  490:  for (i = 0; i < MAX_PLAYERS; i++)
branch  0 never executed
branch  1 never executed
        -:  491:    {
    #####:  492:      if ( players[i] == highScore && i > currentPlayer )
branch  0 never executed
branch  1 never executed
branch  2 never executed
branch  3 never executed
        -:  493:	{
    #####:  494:	  players[i]++;
        -:  495:	}
        -:  496:    }
        -:  497:
        -:  498:  //find new highest score
    #####:  499:  j = 0;
    #####:  500:  for (i = 0; i < MAX_PLAYERS; i++)
branch  0 never executed
branch  1 never executed
        -:  501:    {
    #####:  502:      if ( players[i] > players[j] )
branch  0 never executed
branch  1 never executed
        -:  503:	{
    #####:  504:	  j = i;
        -:  505:	}
        -:  506:    }
    #####:  507:  highScore = players[j];
        -:  508:
        -:  509:  //set winners in array to 1 and rest to 0
    #####:  510:  for (i = 0; i < MAX_PLAYERS; i++)
branch  0 never executed
branch  1 never executed
        -:  511:    {
    #####:  512:      if ( players[i] == highScore )
branch  0 never executed
branch  1 never executed
        -:  513:	{
    #####:  514:	  players[i] = 1;
        -:  515:	}
        -:  516:      else
        -:  517:	{
    #####:  518:	  players[i] = 0;
        -:  519:	}
        -:  520:    }
        -:  521:
    #####:  522:  return 0;
        -:  523:}
        -:  524:
function drawCard called 0 returned 0% blocks executed 0%
    #####:  525:int drawCard(int player, struct gameState *state)
        -:  526:{	int count;
        -:  527:  int deckCounter;
    #####:  528:  if (state->deckCount[player] <= 0){//Deck is empty
branch  0 never executed
branch  1 never executed
        -:  529:    
        -:  530:    //Step 1 Shuffle the discard pile back into a deck
        -:  531:    int i;
        -:  532:    //Move discard to deck
    #####:  533:    for (i = 0; i < state->discardCount[player];i++){
branch  0 never executed
branch  1 never executed
    #####:  534:      state->deck[player][i] = state->discard[player][i];
    #####:  535:      state->discard[player][i] = -1;
        -:  536:    }
        -:  537:
    #####:  538:    state->deckCount[player] = state->discardCount[player];
    #####:  539:    state->discardCount[player] = 0;//Reset discard
        -:  540:
        -:  541:    //Shufffle the deck
    #####:  542:    shuffle(player, state);//Shuffle the deck up and make it so that we can draw
call    0 never executed
        -:  543:   
        -:  544:    if (DEBUG){//Debug statements
        -:  545:      printf("Deck count now: %d\n", state->deckCount[player]);
        -:  546:    }
        -:  547:    
    #####:  548:    state->discardCount[player] = 0;
        -:  549:
        -:  550:    //Step 2 Draw Card
    #####:  551:    count = state->handCount[player];//Get current player's hand count
        -:  552:    
        -:  553:    if (DEBUG){//Debug statements
        -:  554:      printf("Current hand count: %d\n", count);
        -:  555:    }
        -:  556:    
    #####:  557:    deckCounter = state->deckCount[player];//Create a holder for the deck count
        -:  558:
    #####:  559:    if (deckCounter == 0)
branch  0 never executed
branch  1 never executed
    #####:  560:      return -1;
        -:  561:
    #####:  562:    state->hand[player][count] = state->deck[player][deckCounter - 1];//Add card to hand
    #####:  563:    state->deckCount[player]--;
    #####:  564:    state->handCount[player]++;//Increment hand count
        -:  565:  }
        -:  566:
        -:  567:  else{
    #####:  568:    int count = state->handCount[player];//Get current hand count for player
        -:  569:    int deckCounter;
        -:  570:    if (DEBUG){//Debug statements
        -:  571:      printf("Current hand count: %d\n", count);
        -:  572:    }
        -:  573:
    #####:  574:    deckCounter = state->deckCount[player];//Create holder for the deck count
    #####:  575:    state->hand[player][count] = state->deck[player][deckCounter - 1];//Add card to the hand
    #####:  576:    state->deckCount[player]--;
    #####:  577:    state->handCount[player]++;//Increment hand count
        -:  578:  }
        -:  579:
    #####:  580:  return 0;
        -:  581:}
        -:  582:
function getCost called 29 returned 100% blocks executed 100%
       29:  583:int getCost(int cardNumber)
        -:  584:{
       29:  585:  switch( cardNumber ) 
branch  0 taken 3%
branch  1 taken 3%
branch  2 taken 3%
branch  3 taken 3%
branch  4 taken 3%
branch  5 taken 3%
branch  6 taken 3%
branch  7 taken 3%
branch  8 taken 3%
branch  9 taken 3%
branch 10 taken 3%
branch 11 taken 3%
branch 12 taken 3%
branch 13 taken 3%
branch 14 taken 3%
branch 15 taken 3%
branch 16 taken 3%
branch 17 taken 3%
branch 18 taken 3%
branch 19 taken 3%
branch 20 taken 3%
branch 21 taken 3%
branch 22 taken 3%
branch 23 taken 3%
branch 24 taken 3%
branch 25 taken 3%
branch 26 taken 3%
branch 27 taken 7%
        -:  586:    {
        -:  587:    case curse:
        1:  588:      return 0;
        -:  589:    case estate:
        1:  590:      return 2;
        -:  591:    case duchy:
        1:  592:      return 5;
        -:  593:    case province:
        1:  594:      return 8;
        -:  595:    case copper:
        1:  596:      return 0;
        -:  597:    case silver:
        1:  598:      return 3;
        -:  599:    case gold:
        1:  600:      return 6;
        -:  601:    case adventurer:
        1:  602:      return 6;
        -:  603:    case council_room:
        1:  604:      return 5;
        -:  605:    case feast:
        1:  606:      return 4;
        -:  607:    case gardens:
        1:  608:      return 4;
        -:  609:    case mine:
        1:  610:      return 5;
        -:  611:    case remodel:
        1:  612:      return 4;
        -:  613:    case smithy:
        1:  614:      return 4;
        -:  615:    case village:
        1:  616:      return 3;
        -:  617:    case baron:
        1:  618:      return 4;
        -:  619:    case great_hall:
        1:  620:      return 3;
        -:  621:    case minion:
        1:  622:      return 5;
        -:  623:    case steward:
        1:  624:      return 3;
        -:  625:    case tribute:
        1:  626:      return 5;
        -:  627:    case ambassador:
        1:  628:      return 3;
        -:  629:    case cutpurse:
        1:  630:      return 4;
        -:  631:    case embargo: 
        1:  632:      return 2;
        -:  633:    case outpost:
        1:  634:      return 5;
        -:  635:    case salvager:
        1:  636:      return 4;
        -:  637:    case sea_hag:
        1:  638:      return 4;
        -:  639:    case treasure_map:
        1:  640:      return 4;
        -:  641:    }
        -:  642:	
        2:  643:  return -1;
        -:  644:}
        -:  645:
function cardEffect called 0 returned 0% blocks executed 0%
    #####:  646:int cardEffect(int card, int choice1, int choice2, int choice3, struct gameState *state, int handPos, int *bonus)
        -:  647:{
        -:  648:  int i;
        -:  649:  int j;
        -:  650:  int k;
        -:  651:  int x;
    #####:  652:  int currentPlayer = whoseTurn(state);
call    0 never executed
    #####:  653:  int nextPlayer = currentPlayer + 1;
        -:  654:
    #####:  655:  int tributeRevealedCards[2] = {-1, -1};
        -:  656:  int temphand[MAX_HAND];// moved above the if statement
        -:  657:
    #####:  658:  if (nextPlayer > (state->numPlayers - 1)){
branch  0 never executed
branch  1 never executed
    #####:  659:    nextPlayer = 0;
        -:  660:  }
        -:  661:  
        -:  662:	
        -:  663:  //uses switch to select card and perform actions
    #####:  664:  switch( card ) 
branch  0 never executed
branch  1 never executed
branch  2 never executed
branch  3 never executed
branch  4 never executed
branch  5 never executed
branch  6 never executed
branch  7 never executed
branch  8 never executed
branch  9 never executed
branch 10 never executed
branch 11 never executed
branch 12 never executed
branch 13 never executed
branch 14 never executed
branch 15 never executed
branch 16 never executed
branch 17 never executed
branch 18 never executed
branch 19 never executed
branch 20 never executed
        -:  665:    {
        -:  666:   
        -:  667:     // Refactored: the implementation for this card has been moved to adventurerEffect(state, currentPlayer)
        -:  668:    case adventurer:
        -:  669:	// call function to implement adventurer effect
    #####:  670:	adventurerEffect(state, currentPlayer);  
call    0 never executed
        -:  671:			
        -:  672:    case council_room:
        -:  673:      //+4 Cards
    #####:  674:      for (i = 0; i < 4; i++)
branch  0 never executed
branch  1 never executed
        -:  675:	{
    #####:  676:	  drawCard(currentPlayer, state);
call    0 never executed
        -:  677:	}
        -:  678:			
        -:  679:      //+1 Buy
    #####:  680:      state->numBuys++;
        -:  681:			
        -:  682:      //Each other player draws a card
    #####:  683:      for (i = 0; i < state->numPlayers; i++)
branch  0 never executed
branch  1 never executed
        -:  684:	{
    #####:  685:	  if ( i != currentPlayer )
branch  0 never executed
branch  1 never executed
        -:  686:	    {
    #####:  687:	      drawCard(i, state);
call    0 never executed
        -:  688:	    }
        -:  689:	}
        -:  690:			
        -:  691:      //put played card in played card pile
    #####:  692:      discardCard(handPos, currentPlayer, state, 0);
call    0 never executed
        -:  693:			
    #####:  694:      return 0;
        -:  695:			
        -:  696:    case feast:
        -:  697:      //gain card with cost up to 5
        -:  698:      //Backup hand
    #####:  699:      for (i = 0; i <= state->handCount[currentPlayer]; i++){
branch  0 never executed
branch  1 never executed
    #####:  700:	temphand[i] = state->hand[currentPlayer][i];//Backup card
    #####:  701:	state->hand[currentPlayer][i] = -1;//Set to nothing
        -:  702:      }
        -:  703:      //Backup hand
        -:  704:
        -:  705:      //Update Coins for Buy
    #####:  706:      updateCoins(currentPlayer, state, 5);
call    0 never executed
    #####:  707:      x = 1;//Condition to loop on
    #####:  708:      while( x == 1) {//Buy one card
branch  0 never executed
branch  1 never executed
    #####:  709:	if (supplyCount(choice1, state) <= 0){
call    0 never executed
branch  1 never executed
branch  2 never executed
        -:  710:	  if (DEBUG)
        -:  711:	    printf("None of that card left, sorry!\n");
        -:  712:
        -:  713:	  if (DEBUG){
        -:  714:	    printf("Cards Left: %d\n", supplyCount(choice1, state));
        -:  715:	  }
        -:  716:	}
    #####:  717:	else if (state->coins < getCost(choice1)){
call    0 never executed
branch  1 never executed
branch  2 never executed
    #####:  718:	  printf("That card is too expensive!\n");
call    0 never executed
        -:  719:
        -:  720:	  if (DEBUG){
        -:  721:	    printf("Coins: %d < %d\n", state->coins, getCost(choice1));
        -:  722:	  }
        -:  723:	}
        -:  724:	else{
        -:  725:
        -:  726:	  if (DEBUG){
        -:  727:	    printf("Deck Count: %d\n", state->handCount[currentPlayer] + state->deckCount[currentPlayer] + state->discardCount[currentPlayer]);
        -:  728:	  }
        -:  729:
    #####:  730:	  gainCard(choice1, state, 0, currentPlayer);//Gain the card
call    0 never executed
    #####:  731:	  x = 0;//No more buying cards
        -:  732:
        -:  733:	  if (DEBUG){
        -:  734:	    printf("Deck Count: %d\n", state->handCount[currentPlayer] + state->deckCount[currentPlayer] + state->discardCount[currentPlayer]);
        -:  735:	  }
        -:  736:
        -:  737:	}
        -:  738:      }     
        -:  739:
        -:  740:      //Reset Hand
    #####:  741:      for (i = 0; i <= state->handCount[currentPlayer]; i++){
branch  0 never executed
branch  1 never executed
    #####:  742:	state->hand[currentPlayer][i] = temphand[i];
    #####:  743:	temphand[i] = -1;
        -:  744:      }
        -:  745:      //Reset Hand
        -:  746:      			
    #####:  747:      return 0;
        -:  748:			
        -:  749:    case gardens:
    #####:  750:      return -1;
        -:  751:
        -:  752:    // Refactored: this implementation has moved to mineEffect(int choice1, int choice2, int currentPlayer, int handPos, struct gameState *state)		
        -:  753:    case mine:
        -:  754:	// call function to implement mine effects
    #####:  755:        mineEffect(choice1, choice2, currentPlayer, handPos, state);
call    0 never executed
        -:  756:		
        -:  757:    case remodel:
    #####:  758:      j = state->hand[currentPlayer][choice1];  //store card we will trash
        -:  759:
    #####:  760:      if ( (getCost(state->hand[currentPlayer][choice1]) + 2) > getCost(choice2) )
call    0 never executed
call    1 never executed
branch  2 never executed
branch  3 never executed
        -:  761:	{
    #####:  762:	  return -1;
        -:  763:	}
        -:  764:
    #####:  765:      gainCard(choice2, state, 0, currentPlayer);
call    0 never executed
        -:  766:
        -:  767:      //discard card from hand
    #####:  768:      discardCard(handPos, currentPlayer, state, 0);
call    0 never executed
        -:  769:
        -:  770:      //discard trashed card
    #####:  771:      for (i = 0; i < state->handCount[currentPlayer]; i++)
branch  0 never executed
branch  1 never executed
        -:  772:	{
    #####:  773:	  if (state->hand[currentPlayer][i] == j)
branch  0 never executed
branch  1 never executed
        -:  774:	    {
    #####:  775:	      discardCard(i, currentPlayer, state, 0);			
call    0 never executed
    #####:  776:	      break;
        -:  777:	    }
        -:  778:	}
        -:  779:
        -:  780:
    #####:  781:      return 0;
        -:  782:		
        -:  783:    // Refactored: implementation moved to smithyEffect(handPos, currentPlayer, state)
        -:  784:    case smithy:
        -:  785:      // call function to implement smithy card effect
    #####:  786:      smithyEffect(handPos, currentPlayer, state);
call    0 never executed
        -:  787:	
        -:  788:    case village:
        -:  789:      //+1 Card
    #####:  790:      drawCard(currentPlayer, state);
call    0 never executed
        -:  791:			
        -:  792:      //+2 Actions
    #####:  793:      state->numActions = state->numActions + 2;
        -:  794:			
        -:  795:      //discard played card from hand
    #####:  796:      discardCard(handPos, currentPlayer, state, 0);
call    0 never executed
    #####:  797:      return 0;
        -:  798:		
        -:  799:    case baron:
    #####:  800:      state->numBuys++;//Increase buys by 1!
    #####:  801:      if (choice1 > 0){//Boolean true or going to discard an estate
branch  0 never executed
branch  1 never executed
    #####:  802:	int p = 0;//Iterator for hand!
    #####:  803:	int card_not_discarded = 1;//Flag for discard set!
    #####:  804:	while(card_not_discarded){
branch  0 never executed
branch  1 never executed
    #####:  805:	  if (state->hand[currentPlayer][p] == estate){//Found an estate card!
branch  0 never executed
branch  1 never executed
    #####:  806:	    state->coins += 4;//Add 4 coins to the amount of coins
    #####:  807:	    state->discard[currentPlayer][state->discardCount[currentPlayer]] = state->hand[currentPlayer][p];
    #####:  808:	    state->discardCount[currentPlayer]++;
    #####:  809:	    for (;p < state->handCount[currentPlayer]; p++){
branch  0 never executed
branch  1 never executed
    #####:  810:	      state->hand[currentPlayer][p] = state->hand[currentPlayer][p+1];
        -:  811:	    }
    #####:  812:	    state->hand[currentPlayer][state->handCount[currentPlayer]] = -1;
    #####:  813:	    state->handCount[currentPlayer]--;
    #####:  814:	    card_not_discarded = 0;//Exit the loop
        -:  815:	  }
    #####:  816:	  else if (p > state->handCount[currentPlayer]){
branch  0 never executed
branch  1 never executed
        -:  817:	    if(DEBUG) {
        -:  818:	      printf("No estate cards in your hand, invalid choice\n");
        -:  819:	      printf("Must gain an estate if there are any\n");
        -:  820:	    }
    #####:  821:	    if (supplyCount(estate, state) > 0){
call    0 never executed
branch  1 never executed
branch  2 never executed
    #####:  822:	      gainCard(estate, state, 0, currentPlayer);
call    0 never executed
    #####:  823:	      state->supplyCount[estate]--;//Decrement estates
    #####:  824:	      if (supplyCount(estate, state) == 0){
call    0 never executed
branch  1 never executed
branch  2 never executed
    #####:  825:		isGameOver(state);
call    0 never executed
        -:  826:	      }
        -:  827:	    }
    #####:  828:	    card_not_discarded = 0;//Exit the loop
        -:  829:	  }
        -:  830:			    
        -:  831:	  else{
    #####:  832:	    p++;//Next card
        -:  833:	  }
        -:  834:	}
        -:  835:      }
        -:  836:			    
        -:  837:      else{
    #####:  838:	if (supplyCount(estate, state) > 0){
call    0 never executed
branch  1 never executed
branch  2 never executed
    #####:  839:	  gainCard(estate, state, 0, currentPlayer);//Gain an estate
call    0 never executed
    #####:  840:	  state->supplyCount[estate]--;//Decrement Estates
    #####:  841:	  if (supplyCount(estate, state) == 0){
call    0 never executed
branch  1 never executed
branch  2 never executed
    #####:  842:	    isGameOver(state);
call    0 never executed
        -:  843:	  }
        -:  844:	}
        -:  845:      }
        -:  846:	    
        -:  847:      
    #####:  848:      return 0;
        -:  849:		
        -:  850:    case great_hall:
        -:  851:      //+1 Card
    #####:  852:      drawCard(currentPlayer, state);
call    0 never executed
        -:  853:			
        -:  854:      //+1 Actions
    #####:  855:      state->numActions++;
        -:  856:			
        -:  857:      //discard card from hand
    #####:  858:      discardCard(handPos, currentPlayer, state, 0);
call    0 never executed
    #####:  859:      return 0;
        -:  860:		
        -:  861:    case minion:
        -:  862:      //+1 action
    #####:  863:      state->numActions++;
        -:  864:			
        -:  865:      //discard card from hand
    #####:  866:      discardCard(handPos, currentPlayer, state, 0);
call    0 never executed
        -:  867:			
    #####:  868:      if (choice1)		//+2 coins
branch  0 never executed
branch  1 never executed
        -:  869:	{
    #####:  870:	  state->coins = state->coins + 2;
        -:  871:	}
        -:  872:			
    #####:  873:      else if (choice2)		//discard hand, redraw 4, other players with 5+ cards discard hand and draw 4
branch  0 never executed
branch  1 never executed
        -:  874:	{
        -:  875:	  //discard hand
    #####:  876:	  while(numHandCards(state) > 0)
call    0 never executed
branch  1 never executed
branch  2 never executed
        -:  877:	    {
    #####:  878:	      discardCard(handPos, currentPlayer, state, 0);
call    0 never executed
        -:  879:	    }
        -:  880:				
        -:  881:	  //draw 4
    #####:  882:	  for (i = 0; i < 4; i++)
branch  0 never executed
branch  1 never executed
        -:  883:	    {
    #####:  884:	      drawCard(currentPlayer, state);
call    0 never executed
        -:  885:	    }
        -:  886:				
        -:  887:	  //other players discard hand and redraw if hand size > 4
    #####:  888:	  for (i = 0; i < state->numPlayers; i++)
branch  0 never executed
branch  1 never executed
        -:  889:	    {
    #####:  890:	      if (i != currentPlayer)
branch  0 never executed
branch  1 never executed
        -:  891:		{
    #####:  892:		  if ( state->handCount[i] > 4 )
branch  0 never executed
branch  1 never executed
        -:  893:		    {
        -:  894:		      //discard hand
    #####:  895:		      while( state->handCount[i] > 0 )
branch  0 never executed
branch  1 never executed
        -:  896:			{
    #####:  897:			  discardCard(handPos, i, state, 0);
call    0 never executed
        -:  898:			}
        -:  899:							
        -:  900:		      //draw 4
    #####:  901:		      for (j = 0; j < 4; j++)
branch  0 never executed
branch  1 never executed
        -:  902:			{
    #####:  903:			  drawCard(i, state);
call    0 never executed
        -:  904:			}
        -:  905:		    }
        -:  906:		}
        -:  907:	    }
        -:  908:				
        -:  909:	}
    #####:  910:      return 0;
        -:  911:		
        -:  912:    case steward:
    #####:  913:      if (choice1 == 1)
branch  0 never executed
branch  1 never executed
        -:  914:	{
        -:  915:	  //+2 cards
    #####:  916:	  drawCard(currentPlayer, state);
call    0 never executed
    #####:  917:	  drawCard(currentPlayer, state);
call    0 never executed
        -:  918:	}
    #####:  919:      else if (choice1 == 2)
branch  0 never executed
branch  1 never executed
        -:  920:	{
        -:  921:	  //+2 coins
    #####:  922:	  state->coins = state->coins + 2;
        -:  923:	}
        -:  924:      else
        -:  925:	{
        -:  926:	  //trash 2 cards in hand
    #####:  927:	  discardCard(choice2, currentPlayer, state, 1);
call    0 never executed
    #####:  928:	  discardCard(choice3, currentPlayer, state, 1);
call    0 never executed
        -:  929:	}
        -:  930:			
        -:  931:      //discard card from hand
    #####:  932:      discardCard(handPos, currentPlayer, state, 0);
call    0 never executed
    #####:  933:      return 0;
        -:  934:		
        -:  935:    case tribute:
    #####:  936:      if ((state->discardCount[nextPlayer] + state->deckCount[nextPlayer]) <= 1){
branch  0 never executed
branch  1 never executed
    #####:  937:	if (state->deckCount[nextPlayer] > 0){
branch  0 never executed
branch  1 never executed
    #####:  938:	  tributeRevealedCards[0] = state->deck[nextPlayer][state->deckCount[nextPlayer]-1];
    #####:  939:	  state->deckCount[nextPlayer]--;
        -:  940:	}
    #####:  941:	else if (state->discardCount[nextPlayer] > 0){
branch  0 never executed
branch  1 never executed
    #####:  942:	  tributeRevealedCards[0] = state->discard[nextPlayer][state->discardCount[nextPlayer]-1];
    #####:  943:	  state->discardCount[nextPlayer]--;
        -:  944:	}
        -:  945:	else{
        -:  946:	  //No Card to Reveal
        -:  947:	  if (DEBUG){
        -:  948:	    printf("No cards to reveal\n");
        -:  949:	  }
        -:  950:	}
        -:  951:      }
        -:  952:	    
        -:  953:      else{
    #####:  954:	if (state->deckCount[nextPlayer] == 0){
branch  0 never executed
branch  1 never executed
    #####:  955:	  for (i = 0; i < state->discardCount[nextPlayer]; i++){
branch  0 never executed
branch  1 never executed
    #####:  956:	    state->deck[nextPlayer][i] = state->discard[nextPlayer][i];//Move to deck
    #####:  957:	    state->deckCount[nextPlayer]++;
    #####:  958:	    state->discard[nextPlayer][i] = -1;
    #####:  959:	    state->discardCount[nextPlayer]--;
        -:  960:	  }
        -:  961:			    
    #####:  962:	  shuffle(nextPlayer,state);//Shuffle the deck
call    0 never executed
        -:  963:	} 
    #####:  964:	tributeRevealedCards[0] = state->deck[nextPlayer][state->deckCount[nextPlayer]-1];
    #####:  965:	state->deck[nextPlayer][state->deckCount[nextPlayer]--] = -1;
    #####:  966:	state->deckCount[nextPlayer]--;
    #####:  967:	tributeRevealedCards[1] = state->deck[nextPlayer][state->deckCount[nextPlayer]-1];
    #####:  968:	state->deck[nextPlayer][state->deckCount[nextPlayer]--] = -1;
    #####:  969:	state->deckCount[nextPlayer]--;
        -:  970:      }    
        -:  971:		       
    #####:  972:      if (tributeRevealedCards[0] == tributeRevealedCards[1]){//If we have a duplicate card, just drop one 
branch  0 never executed
branch  1 never executed
    #####:  973:	state->playedCards[state->playedCardCount] = tributeRevealedCards[1];
    #####:  974:	state->playedCardCount++;
    #####:  975:	tributeRevealedCards[1] = -1;
        -:  976:      }
        -:  977:
    #####:  978:      for (i = 0; i <= 2; i ++){
branch  0 never executed
branch  1 never executed
    #####:  979:	if (tributeRevealedCards[i] == copper || tributeRevealedCards[i] == silver || tributeRevealedCards[i] == gold){//Treasure cards
branch  0 never executed
branch  1 never executed
branch  2 never executed
branch  3 never executed
branch  4 never executed
branch  5 never executed
    #####:  980:	  state->coins += 2;
        -:  981:	}
        -:  982:		    
    #####:  983:	else if (tributeRevealedCards[i] == estate || tributeRevealedCards[i] == duchy || tributeRevealedCards[i] == province || tributeRevealedCards[i] == gardens || tributeRevealedCards[i] == great_hall){//Victory Card Found
branch  0 never executed
branch  1 never executed
branch  2 never executed
branch  3 never executed
branch  4 never executed
branch  5 never executed
branch  6 never executed
branch  7 never executed
branch  8 never executed
branch  9 never executed
    #####:  984:	  drawCard(currentPlayer, state);
call    0 never executed
    #####:  985:	  drawCard(currentPlayer, state);
call    0 never executed
        -:  986:	}
        -:  987:	else{//Action Card
    #####:  988:	  state->numActions = state->numActions + 2;
        -:  989:	}
        -:  990:      }
        -:  991:	    
    #####:  992:      return 0;
        -:  993:		
        -:  994:    case ambassador:
    #####:  995:      j = 0;		//used to check if player has enough cards to discard
        -:  996:
    #####:  997:      if (choice2 > 2 || choice2 < 0)
branch  0 never executed
branch  1 never executed
branch  2 never executed
branch  3 never executed
        -:  998:	{
    #####:  999:	  return -1;				
        -: 1000:	}
        -: 1001:
    #####: 1002:      if (choice1 == handPos)
branch  0 never executed
branch  1 never executed
        -: 1003:	{
    #####: 1004:	  return -1;
        -: 1005:	}
        -: 1006:
    #####: 1007:      for (i = 0; i < state->handCount[currentPlayer]; i++)
branch  0 never executed
branch  1 never executed
        -: 1008:	{
    #####: 1009:	  if (i != handPos && i == state->hand[currentPlayer][choice1] && i != choice1)
branch  0 never executed
branch  1 never executed
branch  2 never executed
branch  3 never executed
branch  4 never executed
branch  5 never executed
        -: 1010:	    {
    #####: 1011:	      j++;
        -: 1012:	    }
        -: 1013:	}
    #####: 1014:      if (j < choice2)
branch  0 never executed
branch  1 never executed
        -: 1015:	{
    #####: 1016:	  return -1;				
        -: 1017:	}
        -: 1018:
        -: 1019:      if (DEBUG) 
        -: 1020:	printf("Player %d reveals card number: %d\n", currentPlayer, state->hand[currentPlayer][choice1]);
        -: 1021:
        -: 1022:      //increase supply count for choosen card by amount being discarded
    #####: 1023:      state->supplyCount[state->hand[currentPlayer][choice1]] += choice2;
        -: 1024:			
        -: 1025:      //each other player gains a copy of revealed card
    #####: 1026:      for (i = 0; i < state->numPlayers; i++)
branch  0 never executed
branch  1 never executed
        -: 1027:	{
    #####: 1028:	  if (i != currentPlayer)
branch  0 never executed
branch  1 never executed
        -: 1029:	    {
    #####: 1030:	      gainCard(state->hand[currentPlayer][choice1], state, 0, i);
call    0 never executed
        -: 1031:	    }
        -: 1032:	}
        -: 1033:
        -: 1034:      //discard played card from hand
    #####: 1035:      discardCard(handPos, currentPlayer, state, 0);			
call    0 never executed
        -: 1036:
        -: 1037:      //trash copies of cards returned to supply
    #####: 1038:      for (j = 0; j < choice2; j++)
branch  0 never executed
branch  1 never executed
        -: 1039:	{
    #####: 1040:	  for (i = 0; i < state->handCount[currentPlayer]; i++)
branch  0 never executed
branch  1 never executed
        -: 1041:	    {
    #####: 1042:	      if (state->hand[currentPlayer][i] == state->hand[currentPlayer][choice1])
branch  0 never executed
branch  1 never executed
        -: 1043:		{
    #####: 1044:		  discardCard(i, currentPlayer, state, 1);
call    0 never executed
    #####: 1045:		  break;
        -: 1046:		}
        -: 1047:	    }
        -: 1048:	}			
        -: 1049:
    #####: 1050:      return 0;
        -: 1051:		
        -: 1052:    case cutpurse:
        -: 1053:
    #####: 1054:      updateCoins(currentPlayer, state, 2);
call    0 never executed
    #####: 1055:      for (i = 0; i < state->numPlayers; i++)
branch  0 never executed
branch  1 never executed
        -: 1056:	{
    #####: 1057:	  if (i != currentPlayer)
branch  0 never executed
branch  1 never executed
        -: 1058:	    {
    #####: 1059:	      for (j = 0; j < state->handCount[i]; j++)
branch  0 never executed
branch  1 never executed
        -: 1060:		{
    #####: 1061:		  if (state->hand[i][j] == copper)
branch  0 never executed
branch  1 never executed
        -: 1062:		    {
    #####: 1063:		      discardCard(j, i, state, 0);
call    0 never executed
    #####: 1064:		      break;
        -: 1065:		    }
    #####: 1066:		  if (j == state->handCount[i])
branch  0 never executed
branch  1 never executed
        -: 1067:		    {
    #####: 1068:		      for (k = 0; k < state->handCount[i]; k++)
branch  0 never executed
branch  1 never executed
        -: 1069:			{
        -: 1070:			  if (DEBUG)
        -: 1071:			    printf("Player %d reveals card number %d\n", i, state->hand[i][k]);
        -: 1072:			}	
    #####: 1073:		      break;
        -: 1074:		    }		
        -: 1075:		}
        -: 1076:					
        -: 1077:	    }
        -: 1078:				
        -: 1079:	}				
        -: 1080:
        -: 1081:      //discard played card from hand
    #####: 1082:      discardCard(handPos, currentPlayer, state, 0);			
call    0 never executed
        -: 1083:
    #####: 1084:      return 0;
        -: 1085:
        -: 1086:		
        -: 1087:    case embargo: 
        -: 1088:      //+2 Coins
    #####: 1089:      state->coins = state->coins + 2;
        -: 1090:			
        -: 1091:      //see if selected pile is in play
    #####: 1092:      if ( state->supplyCount[choice1] == -1 )
branch  0 never executed
branch  1 never executed
        -: 1093:	{
    #####: 1094:	  return -1;
        -: 1095:	}
        -: 1096:			
        -: 1097:      //add embargo token to selected supply pile
    #####: 1098:      state->embargoTokens[choice1]++;
        -: 1099:			
        -: 1100:      //trash card
    #####: 1101:      discardCard(handPos, currentPlayer, state, 1);		
call    0 never executed
    #####: 1102:      return 0;
        -: 1103:		
        -: 1104:    // Refactored: The implementation for this card was moved to outpostEffect(int currentPlayer, int handPos, struct gameState *state)
        -: 1105:    case outpost:
    #####: 1106:        outpostEffect(currentPlayer, handPos, state);
call    0 never executed
        -: 1107:		
        -: 1108:    case salvager:
        -: 1109:      //+1 buy
    #####: 1110:      state->numBuys++;
        -: 1111:			
    #####: 1112:      if (choice1)
branch  0 never executed
branch  1 never executed
        -: 1113:	{
        -: 1114:	  //gain coins equal to trashed card
    #####: 1115:	  state->coins = state->coins + getCost( handCard(choice1, state) );
call    0 never executed
call    1 never executed
        -: 1116:	  //trash card
    #####: 1117:	  discardCard(choice1, currentPlayer, state, 1);	
call    0 never executed
        -: 1118:	}
        -: 1119:			
        -: 1120:      //discard card
    #####: 1121:      discardCard(handPos, currentPlayer, state, 0);
call    0 never executed
    #####: 1122:      return 0;
        -: 1123:		
        -: 1124:    case sea_hag:
    #####: 1125:      for (i = 0; i < state->numPlayers; i++){
branch  0 never executed
branch  1 never executed
    #####: 1126:	if (i != currentPlayer){
branch  0 never executed
branch  1 never executed
    #####: 1127:	  state->discard[i][state->discardCount[i]] = state->deck[i][state->deckCount[i]--];			    state->deckCount[i]--;
    #####: 1128:	  state->discardCount[i]++;
    #####: 1129:	  state->deck[i][state->deckCount[i]--] = curse;//Top card now a curse
        -: 1130:	}
        -: 1131:      }
    #####: 1132:      return 0;
        -: 1133:
        -: 1134:    // Refactored: This implementation was moved into function treasure_mapEffect(int currentPlayer, int handPos, struct gameState *state)		
        -: 1135:    case treasure_map:
        -: 1136:
        -: 1137:        // call the function for this card effect
    #####: 1138:        treasure_mapEffect(currentPlayer, handPos, state);
call    0 never executed
        -: 1139:
        -: 1140:    }
        -: 1141:	
    #####: 1142:  return -1;
        -: 1143:}
        -: 1144:
function discardCard called 0 returned 0% blocks executed 0%
    #####: 1145:int discardCard(int handPos, int currentPlayer, struct gameState *state, int trashFlag)
        -: 1146:{
        -: 1147:	
        -: 1148:  //if card is not trashed, added to Played pile 
    #####: 1149:  if (trashFlag < 1)
branch  0 never executed
branch  1 never executed
        -: 1150:    {
        -: 1151:      //add card to played pile
    #####: 1152:      state->playedCards[state->playedCardCount] = state->hand[currentPlayer][handPos]; 
    #####: 1153:      state->playedCardCount++;
        -: 1154:    }
        -: 1155:	
        -: 1156:  //set played card to -1
    #####: 1157:  state->hand[currentPlayer][handPos] = -1;
        -: 1158:	
        -: 1159:  //remove card from player's hand
    #####: 1160:  if ( handPos == (state->handCount[currentPlayer] - 1) ) 	//last card in hand array is played
branch  0 never executed
branch  1 never executed
        -: 1161:    {
        -: 1162:      //reduce number of cards in hand
    #####: 1163:      state->handCount[currentPlayer]--;
        -: 1164:    }
    #####: 1165:  else if ( state->handCount[currentPlayer] == 1 ) //only one card in hand
branch  0 never executed
branch  1 never executed
        -: 1166:    {
        -: 1167:      //reduce number of cards in hand
    #####: 1168:      state->handCount[currentPlayer]--;
        -: 1169:    }
        -: 1170:  else 	
        -: 1171:    {
        -: 1172:      //replace discarded card with last card in hand
    #####: 1173:      state->hand[currentPlayer][handPos] = state->hand[currentPlayer][ (state->handCount[currentPlayer] - 1)];
        -: 1174:      //set last card to -1
    #####: 1175:      state->hand[currentPlayer][state->handCount[currentPlayer] - 1] = -1;
        -: 1176:      //reduce number of cards in hand
    #####: 1177:      state->handCount[currentPlayer]--;
        -: 1178:    }
        -: 1179:	
    #####: 1180:  return 0;
        -: 1181:}
        -: 1182:
function gainCard called 0 returned 0% blocks executed 0%
    #####: 1183:int gainCard(int supplyPos, struct gameState *state, int toFlag, int player)
        -: 1184:{
        -: 1185:  //Note: supplyPos is enum of choosen card
        -: 1186:	
        -: 1187:  //check if supply pile is empty (0) or card is not used in game (-1)
    #####: 1188:  if ( supplyCount(supplyPos, state) < 1 )
call    0 never executed
branch  1 never executed
branch  2 never executed
        -: 1189:    {
    #####: 1190:      return -1;
        -: 1191:    }
        -: 1192:	
        -: 1193:  //added card for [whoseTurn] current player:
        -: 1194:  // toFlag = 0 : add to discard
        -: 1195:  // toFlag = 1 : add to deck
        -: 1196:  // toFlag = 2 : add to hand
        -: 1197:
    #####: 1198:  if (toFlag == 1)
branch  0 never executed
branch  1 never executed
        -: 1199:    {
    #####: 1200:      state->deck[ player ][ state->deckCount[player] ] = supplyPos;
    #####: 1201:      state->deckCount[player]++;
        -: 1202:    }
    #####: 1203:  else if (toFlag == 2)
branch  0 never executed
branch  1 never executed
        -: 1204:    {
    #####: 1205:      state->hand[ player ][ state->handCount[player] ] = supplyPos;
    #####: 1206:      state->handCount[player]++;
        -: 1207:    }
        -: 1208:  else
        -: 1209:    {
    #####: 1210:      state->discard[player][ state->discardCount[player] ] = supplyPos;
    #####: 1211:      state->discardCount[player]++;
        -: 1212:    }
        -: 1213:	
        -: 1214:  //decrease number in supply pile
    #####: 1215:  state->supplyCount[supplyPos]--;
        -: 1216:	 
    #####: 1217:  return 0;
        -: 1218:}
        -: 1219:
function updateCoins called 0 returned 0% blocks executed 0%
    #####: 1220:int updateCoins(int player, struct gameState *state, int bonus)
        -: 1221:{
        -: 1222:  int i;
        -: 1223:	
        -: 1224:  //reset coin count
    #####: 1225:  state->coins = 0;
        -: 1226:
        -: 1227:  //add coins for each Treasure card in player's hand
    #####: 1228:  for (i = 0; i < state->handCount[player]; i++)
branch  0 never executed
branch  1 never executed
        -: 1229:    {
    #####: 1230:      if (state->hand[player][i] == copper)
branch  0 never executed
branch  1 never executed
        -: 1231:	{
    #####: 1232:	  state->coins += 1;
        -: 1233:	}
    #####: 1234:      else if (state->hand[player][i] == silver)
branch  0 never executed
branch  1 never executed
        -: 1235:	{
    #####: 1236:	  state->coins += 2;
        -: 1237:	}
    #####: 1238:      else if (state->hand[player][i] == gold)
branch  0 never executed
branch  1 never executed
        -: 1239:	{
    #####: 1240:	  state->coins += 3;
        -: 1241:	}	
        -: 1242:    }	
        -: 1243:
        -: 1244:  //add bonus
    #####: 1245:  state->coins += bonus;
        -: 1246:
    #####: 1247:  return 0;
        -: 1248:}
        -: 1249:
        -: 1250:// Refactored: this implementation was moved from cardEffect() into its own function.
function adventurerEffect called 0 returned 0% blocks executed 0%
    #####: 1251:int adventurerEffect(struct gameState *state, int currentPlayer)
        -: 1252:{
        -: 1253:    // drawn treasure starts at 0
    #####: 1254:    int drawntreasure = 0;
        -: 1255:
        -: 1256:    // to hold the card drawn by this effect
        -: 1257:    int cardDrawn;
        -: 1258:
        -: 1259:    // temporary hand for this card's effect
        -: 1260:    int temphand[MAX_HAND];
        -: 1261:
        -: 1262:    // this int is a counter for the temphand
    #####: 1263:    int z = 0;
        -: 1264:
        -: 1265:    // While the amount of drawntreasure < 2
    #####: 1266:    while(drawntreasure<2){
branch  0 never executed
branch  1 never executed
    #####: 1267:	if (state->deckCount[currentPlayer] <1){//if the deck is empty we need to shuffle discard and add to deck
branch  0 never executed
branch  1 never executed
    #####: 1268:	  shuffle(currentPlayer, state);
call    0 never executed
        -: 1269:	}
    #####: 1270:	drawCard(currentPlayer, state);
call    0 never executed
    #####: 1271:	cardDrawn = state->hand[currentPlayer][state->handCount[currentPlayer]-1];//top card of hand is most recently drawn card.
        -: 1272:	// BUG: If a copper is drawn, it is not recognized as treasure
    #####: 1273:       if (cardDrawn == silver || cardDrawn == gold) {
branch  0 never executed
branch  1 never executed
branch  2 never executed
branch  3 never executed
        -: 1274:       // if (cardDrawn == copper || cardDrawn == silver || cardDrawn == gold) {
    #####: 1275:	  drawntreasure++;
        -: 1276:	}
        -: 1277:	else {
    #####: 1278:	  temphand[z]=cardDrawn;
    #####: 1279:	  state->handCount[currentPlayer]--; //this should just remove the top card (the most recently drawn one).
    #####: 1280:	  z++;
        -: 1281:	}
        -: 1282:    }
    #####: 1283:    while(z-1>=0){
branch  0 never executed
branch  1 never executed
    #####: 1284:	state->discard[currentPlayer][state->discardCount[currentPlayer]++]=temphand[z-1]; // discard all cards in play that have been drawn
    #####: 1285:	z=z-1;
        -: 1286:    }
    #####: 1287:    return 0;
        -: 1288:} 
        -: 1289:
        -: 1290:// Refactored: this implementation was moved from cardEffect()
function smithyEffect called 0 returned 0% blocks executed 0%
    #####: 1291:int smithyEffect(int handPos, int currentPlayer, struct gameState *state)
        -: 1292:{
        -: 1293:    // BUG: Instead of drawing 3 cards, it draws only 2
        -: 1294:    //+3 Cards
        -: 1295:    int i;
    #####: 1296:    for (i = 0; i < 2; i++)
branch  0 never executed
branch  1 never executed
        -: 1297:    {
    #####: 1298:        drawCard(currentPlayer, state);
call    0 never executed
        -: 1299:    }
        -: 1300:			
        -: 1301:    //discard card from hand
    #####: 1302:    discardCard(handPos, currentPlayer, state, 0);
call    0 never executed
    #####: 1303:    return 0;
        -: 1304:}
        -: 1305:		
        -: 1306:// Refactored: this implementation was moved from cardEffect()
function mineEffect called 0 returned 0% blocks executed 0%
    #####: 1307:int mineEffect(int choice1, int choice2, int currentPlayer, int handPos,  struct gameState *state)
        -: 1308:{
    #####: 1309:    int j = state->hand[currentPlayer][choice1];  //store card we will trash
        -: 1310:
    #####: 1311:    if (state->hand[currentPlayer][choice1] < copper || state->hand[currentPlayer][choice1] > gold)
branch  0 never executed
branch  1 never executed
branch  2 never executed
branch  3 never executed
        -: 1312:    {
    #####: 1313:       return -1;
        -: 1314:    }
        -: 1315:		
    #####: 1316:    if (choice2 > treasure_map || choice2 < curse)
branch  0 never executed
branch  1 never executed
branch  2 never executed
branch  3 never executed
        -: 1317:    {
    #####: 1318:        return -1;
        -: 1319:    }
        -: 1320:
    #####: 1321:    if ( (getCost(state->hand[currentPlayer][choice1]) + 3) > getCost(choice2) )
call    0 never executed
call    1 never executed
branch  2 never executed
branch  3 never executed
        -: 1322:    {
    #####: 1323:        return -1;
        -: 1324:    }
        -: 1325:
    #####: 1326:    gainCard(choice2, state, 2, currentPlayer);
call    0 never executed
        -: 1327:
        -: 1328:    //discard card from hand
    #####: 1329:    discardCard(handPos, currentPlayer, state, 0);
call    0 never executed
        -: 1330:      
        -: 1331:    //discard trashed card
        -: 1332:    int i;
    #####: 1333:    for (i = 0; i < state->handCount[currentPlayer]; i++)
branch  0 never executed
branch  1 never executed
        -: 1334:    {
    #####: 1335:       if (state->hand[currentPlayer][i] == j)
branch  0 never executed
branch  1 never executed
        -: 1336:       {
    #####: 1337:       	    discardCard(i, currentPlayer, state, 0);			
call    0 never executed
    #####: 1338:            break;
        -: 1339:       }
        -: 1340:    } 	 
    #####: 1341:    return 0;
        -: 1342:}
        -: 1343:
        -: 1344:// Refactored: The implementation for this card was moved from cardEffect() into its own function.
function outpostEffect called 0 returned 0% blocks executed 0%
    #####: 1345:int outpostEffect(int currentPlayer, int handPos, struct gameState *state)
        -: 1346:{
        -: 1347:      //set outpost flag
    #####: 1348:      state->outpostPlayed++;
        -: 1349:		
        -: 1350:      // BUG: This card is supposed to discard a card. The bug is that it does not.
        -: 1351:       
        -: 1352:      //discard card
        -: 1353:      // discardCard(handPos, currentPlayer, state, 0);
    #####: 1354:      return 0;
        -: 1355:}
        -: 1356:
        -: 1357:// Refactored: The implementation this card was moved from cardEffect() into its own function.		
function treasure_mapEffect called 0 returned 0% blocks executed 0%
    #####: 1358:int treasure_mapEffect(int currentPlayer, int handPos, struct gameState *state)
        -: 1359:{
        -: 1360:    //search hand for another treasure_map
    #####: 1361:    int  index = -1;
        -: 1362:    int i;
    #####: 1363:    for (i = 0; i < state->handCount[currentPlayer]; i++)
branch  0 never executed
branch  1 never executed
        -: 1364:    {
    #####: 1365:        if (state->hand[currentPlayer][i] == treasure_map && i != handPos)
branch  0 never executed
branch  1 never executed
branch  2 never executed
branch  3 never executed
        -: 1366:	{
    #####: 1367:            index = i;
    #####: 1368:	    break;
        -: 1369:        }
        -: 1370:    }
    #####: 1371:    if (index > -1)
branch  0 never executed
branch  1 never executed
        -: 1372:    {
        -: 1373:        //trash both treasure cards
    #####: 1374:	discardCard(handPos, currentPlayer, state, 1);
call    0 never executed
    #####: 1375:	discardCard(index, currentPlayer, state, 1);
call    0 never executed
        -: 1376:
        -: 1377:	//gain 4 Gold cards 
        -: 1378:	// BUG: Instead of gaining 4 Gold cards, treasure_map causes a player to gain 5 Gold cards 
    #####: 1379:	for (i = 0; i < 5; i++)
branch  0 never executed
branch  1 never executed
        -: 1380:	{
    #####: 1381:	    gainCard(gold, state, 1, currentPlayer);
call    0 never executed
        -: 1382:	}
        -: 1383:				
        -: 1384:	//return success
    #####: 1385:	return 1;
        -: 1386:    }
        -: 1387:			
        -: 1388:    //no second treasure_map found in hand
    #####: 1389:    return -1;
        -: 1390:}
        -: 1391://end of dominion.c
        -: 1392:
